<?xml version="1.0" encoding="UTF-8"?>
<!-- Generated by org.testng.reporters.JUnitXMLReporter -->
<testsuite ignored="3" hostname="DESKTOP-QTJOPQL" failures="0" tests="3" name="Test" time="25.239" errors="0" timestamp="2024-01-09T23:11:45 IST">
  <testcase classname="testcase.LoginPageTest" name="verifyInvalidusername" time="1.773"/>
  <testcase classname="testcase.NotesTest" name="verifyAddNotesTitle" time="5.815"/>
  <testcase classname="testcase.ProfilePageTest" name="verifyvalidationFirstname" time="5.895"/>
  <testcase classname="testcase.LoginPageTest" name="verifyValidcredentials" time="0.0">
    <ignored/>
  </testcase> <!-- verifyValidcredentials -->
  <testcase classname="testcase.NotesTest" name="verifyAddNotesDescription" time="0.0">
    <ignored/>
  </testcase> <!-- verifyAddNotesDescription -->
  <testcase classname="testcase.ProfilePageTest" name="verifyRequiredFirstName" time="0.0">
    <ignored/>
  </testcase> <!-- verifyRequiredFirstName -->
</testsuite> <!-- Test -->
