<?xml version="1.0" encoding="UTF-8"?>
<!-- Generated by org.testng.reporters.JUnitXMLReporter -->
<testsuite ignored="1" hostname="DESKTOP-QTJOPQL" failures="0" tests="2" name="Test" time="21.907" errors="0" timestamp="2023-12-13T06:02:59 IST">
  <testcase classname="testcase.NotesTest" name="verifyAddNotesTest" time="7.012"/>
  <testcase classname="testcase.ProfilePageTest" name="verifyUseraddprofile" time="6.201"/>
  <testcase classname="testcase.LoginPageTest" name="verifyValid_credentials" time="0.0">
    <ignored/>
  </testcase> <!-- verifyValid_credentials -->
</testsuite> <!-- Test -->
