<?xml version="1.0" encoding="UTF-8"?>
<testng-results ignored="0" total="2" passed="2" failed="0" skipped="0">
  <reporter-output>
  </reporter-output>
  <suite started-at="2023-12-27T23:02:23 IST" name="Suite" finished-at="2023-12-27T23:02:51 IST" duration-ms="27760">
    <groups>
    </groups>
    <test started-at="2023-12-27T23:02:23 IST" name="Test_Chrome" finished-at="2023-12-27T23:02:51 IST" duration-ms="27760">
      <class name="testcase.ItemsPageTest">
        <test-method is-config="true" signature="setUpDriverOpenUrl(java.lang.String)[pri:0, instance:testcase.ItemsPageTest@5ef5c734]" started-at="2023-12-27T23:02:23 IST" name="setUpDriverOpenUrl" finished-at="2023-12-27T23:02:28 IST" duration-ms="4875" status="PASS">
          <params>
            <param index="0">
              <value>
                <![CDATA[chrome]]>
              </value>
            </param>
          </params>
          <reporter-output>
          </reporter-output>
        </test-method> <!-- setUpDriverOpenUrl -->
        <test-method signature="verifyAddItemsDescription()[pri:0, instance:testcase.ItemsPageTest@5ef5c734]" started-at="2023-12-27T23:02:28 IST" name="verifyAddItemsDescription" finished-at="2023-12-27T23:02:37 IST" duration-ms="9432" status="PASS">
          <reporter-output>
          </reporter-output>
        </test-method> <!-- verifyAddItemsDescription -->
        <test-method is-config="true" signature="takeScreenshotOnFailure(org.testng.ITestResult)[pri:0, instance:testcase.ItemsPageTest@5ef5c734]" started-at="2023-12-27T23:02:37 IST" name="takeScreenshotOnFailure" finished-at="2023-12-27T23:02:38 IST" duration-ms="279" status="PASS">
          <params>
            <param index="0">
              <value>
                <![CDATA[[TestResult name=verifyAddItemsDescription status=SUCCESS method=ItemsPageTest.verifyAddItemsDescription()[pri:0, instance:testcase.ItemsPageTest@5ef5c734] output={null}]]]>
              </value>
            </param>
          </params>
          <reporter-output>
          </reporter-output>
        </test-method> <!-- takeScreenshotOnFailure -->
        <test-method is-config="true" signature="setUpDriverOpenUrl(java.lang.String)[pri:0, instance:testcase.ItemsPageTest@5ef5c734]" started-at="2023-12-27T23:02:38 IST" name="setUpDriverOpenUrl" finished-at="2023-12-27T23:02:41 IST" duration-ms="3595" status="PASS">
          <params>
            <param index="0">
              <value>
                <![CDATA[chrome]]>
              </value>
            </param>
          </params>
          <reporter-output>
          </reporter-output>
        </test-method> <!-- setUpDriverOpenUrl -->
        <test-method signature="verifyItemsTitle()[pri:0, instance:testcase.ItemsPageTest@5ef5c734]" started-at="2023-12-27T23:02:41 IST" name="verifyItemsTitle" finished-at="2023-12-27T23:02:50 IST" duration-ms="9343" status="PASS">
          <reporter-output>
          </reporter-output>
        </test-method> <!-- verifyItemsTitle -->
        <test-method is-config="true" signature="takeScreenshotOnFailure(org.testng.ITestResult)[pri:0, instance:testcase.ItemsPageTest@5ef5c734]" started-at="2023-12-27T23:02:50 IST" name="takeScreenshotOnFailure" finished-at="2023-12-27T23:02:51 IST" duration-ms="151" status="PASS">
          <params>
            <param index="0">
              <value>
                <![CDATA[[TestResult name=verifyItemsTitle status=SUCCESS method=ItemsPageTest.verifyItemsTitle()[pri:0, instance:testcase.ItemsPageTest@5ef5c734] output={null}]]]>
              </value>
            </param>
          </params>
          <reporter-output>
          </reporter-output>
        </test-method> <!-- takeScreenshotOnFailure -->
      </class> <!-- testcase.ItemsPageTest -->
    </test> <!-- Test_Chrome -->
  </suite> <!-- Suite -->
</testng-results>
